f:\code\7plsrc.225\debug\vc120.pdb
f:\code\7plsrc.225\debug\vc120.idb
f:\code\7plsrc.225\debug\7plus.obj
f:\code\7plsrc.225\debug\correct.obj
f:\code\7plsrc.225\debug\decode.obj
f:\code\7plsrc.225\debug\test.obj
f:\code\7plsrc.225\debug\encode.obj
f:\code\7plsrc.225\debug\extract.obj
f:\code\7plsrc.225\debug\join.obj
f:\code\7plsrc.225\debug\rebuild.obj
f:\code\7plsrc.225\debug\utils.obj
f:\code\7plsrc.225\debug\7plus.exp
f:\code\7plsrc.225\debug\7plus.pdb
f:\code\7plsrc.225\debug\7plus.tlog\cl.command.1.tlog
f:\code\7plsrc.225\debug\7plus.tlog\cl.read.1.tlog
f:\code\7plsrc.225\debug\7plus.tlog\cl.write.1.tlog
f:\code\7plsrc.225\debug\7plus.tlog\link-cvtres.read.1.tlog
f:\code\7plsrc.225\debug\7plus.tlog\link-cvtres.write.1.tlog
f:\code\7plsrc.225\debug\7plus.tlog\link-rc.read.1.tlog
f:\code\7plsrc.225\debug\7plus.tlog\link-rc.write.1.tlog
f:\code\7plsrc.225\debug\7plus.tlog\link.command.1.tlog
f:\code\7plsrc.225\debug\7plus.tlog\link.read.1.tlog
f:\code\7plsrc.225\debug\7plus.tlog\link.write.1.tlog
